<?xml version="1.0" encoding="UTF-8"?>
<testsuite xmlns:xsi="http://www.w3.org/2001/XMLSchema-instance" xsi:noNamespaceSchemaLocation="https://maven.apache.org/surefire/maven-surefire-plugin/xsd/surefire-test-report-3.0.xsd" version="3.0" name="TestSuite" time="16.81" tests="1" errors="0" skipped="0" failures="0">
  <properties>
    <property name="sun.desktop" value="gnome"/>
    <property name="awt.toolkit" value="sun.awt.X11.XToolkit"/>
    <property name="java.specification.version" value="12"/>
    <property name="sun.jnu.encoding" value="UTF-8"/>
    <property name="java.class.path" value="/home/preethi/Selenium/Selenium-WebDriverTest/target/test-classes:/home/preethi/Selenium/Selenium-WebDriverTest/target/classes:/home/preethi/.m2/repository/junit/junit/3.8.1/junit-3.8.1.jar:/home/preethi/.m2/repository/org/seleniumhq/selenium/selenium-java/2.43.0/selenium-java-2.43.0.jar:/home/preethi/.m2/repository/org/seleniumhq/selenium/selenium-chrome-driver/2.43.0/selenium-chrome-driver-2.43.0.jar:/home/preethi/.m2/repository/org/seleniumhq/selenium/selenium-remote-driver/2.43.0/selenium-remote-driver-2.43.0.jar:/home/preethi/.m2/repository/cglib/cglib-nodep/2.1_3/cglib-nodep-2.1_3.jar:/home/preethi/.m2/repository/org/json/json/20080701/json-20080701.jar:/home/preethi/.m2/repository/org/seleniumhq/selenium/selenium-api/2.43.0/selenium-api-2.43.0.jar:/home/preethi/.m2/repository/com/google/guava/guava/15.0/guava-15.0.jar:/home/preethi/.m2/repository/org/seleniumhq/selenium/selenium-htmlunit-driver/2.43.0/selenium-htmlunit-driver-2.43.0.jar:/home/preethi/.m2/repository/net/sourceforge/htmlunit/htmlunit/2.15/htmlunit-2.15.jar:/home/preethi/.m2/repository/xalan/xalan/2.7.1/xalan-2.7.1.jar:/home/preethi/.m2/repository/xalan/serializer/2.7.1/serializer-2.7.1.jar:/home/preethi/.m2/repository/commons-collections/commons-collections/3.2.1/commons-collections-3.2.1.jar:/home/preethi/.m2/repository/org/apache/commons/commons-lang3/3.3.2/commons-lang3-3.3.2.jar:/home/preethi/.m2/repository/org/apache/httpcomponents/httpmime/4.3.3/httpmime-4.3.3.jar:/home/preethi/.m2/repository/commons-codec/commons-codec/1.9/commons-codec-1.9.jar:/home/preethi/.m2/repository/net/sourceforge/htmlunit/htmlunit-core-js/2.15/htmlunit-core-js-2.15.jar:/home/preethi/.m2/repository/xerces/xercesImpl/2.11.0/xercesImpl-2.11.0.jar:/home/preethi/.m2/repository/xml-apis/xml-apis/1.4.01/xml-apis-1.4.01.jar:/home/preethi/.m2/repository/net/sourceforge/nekohtml/nekohtml/1.9.21/nekohtml-1.9.21.jar:/home/preethi/.m2/repository/net/sourceforge/cssparser/cssparser/0.9.14/cssparser-0.9.14.jar:/home/preethi/.m2/repository/org/w3c/css/sac/1.3/sac-1.3.jar:/home/preethi/.m2/repository/commons-logging/commons-logging/1.1.3/commons-logging-1.1.3.jar:/home/preethi/.m2/repository/org/eclipse/jetty/jetty-websocket/8.1.15.v20140411/jetty-websocket-8.1.15.v20140411.jar:/home/preethi/.m2/repository/org/eclipse/jetty/jetty-util/8.1.15.v20140411/jetty-util-8.1.15.v20140411.jar:/home/preethi/.m2/repository/org/eclipse/jetty/jetty-io/8.1.15.v20140411/jetty-io-8.1.15.v20140411.jar:/home/preethi/.m2/repository/org/eclipse/jetty/jetty-http/8.1.15.v20140411/jetty-http-8.1.15.v20140411.jar:/home/preethi/.m2/repository/org/apache/httpcomponents/httpclient/4.3.4/httpclient-4.3.4.jar:/home/preethi/.m2/repository/org/apache/httpcomponents/httpcore/4.3.2/httpcore-4.3.2.jar:/home/preethi/.m2/repository/org/seleniumhq/selenium/selenium-firefox-driver/2.43.0/selenium-firefox-driver-2.43.0.jar:/home/preethi/.m2/repository/commons-io/commons-io/2.4/commons-io-2.4.jar:/home/preethi/.m2/repository/org/apache/commons/commons-exec/1.1/commons-exec-1.1.jar:/home/preethi/.m2/repository/org/seleniumhq/selenium/selenium-ie-driver/2.43.0/selenium-ie-driver-2.43.0.jar:/home/preethi/.m2/repository/net/java/dev/jna/jna/3.4.0/jna-3.4.0.jar:/home/preethi/.m2/repository/net/java/dev/jna/platform/3.4.0/platform-3.4.0.jar:/home/preethi/.m2/repository/org/seleniumhq/selenium/selenium-safari-driver/2.43.0/selenium-safari-driver-2.43.0.jar:/home/preethi/.m2/repository/org/seleniumhq/selenium/selenium-support/2.43.0/selenium-support-2.43.0.jar:/home/preethi/.m2/repository/org/webbitserver/webbit/0.4.15/webbit-0.4.15.jar:/home/preethi/.m2/repository/io/netty/netty/3.5.5.Final/netty-3.5.5.Final.jar:/home/preethi/.m2/repository/org/testng/testng/6.8/testng-6.8.jar:/home/preethi/.m2/repository/org/beanshell/bsh/2.0b4/bsh-2.0b4.jar:/home/preethi/.m2/repository/com/beust/jcommander/1.27/jcommander-1.27.jar:/home/preethi/.m2/repository/org/yaml/snakeyaml/1.6/snakeyaml-1.6.jar:"/>
    <property name="java.vm.vendor" value="Oracle Corporation"/>
    <property name="sun.arch.data.model" value="64"/>
    <property name="java.vendor.url" value="https://java.oracle.com/"/>
    <property name="os.name" value="Linux"/>
    <property name="java.vm.specification.version" value="12"/>
    <property name="sun.java.launcher" value="SUN_STANDARD"/>
    <property name="user.country" value="IN"/>
    <property name="sun.boot.library.path" value="/home/preethi/Downloads/jdk-12.0.1/lib"/>
    <property name="sun.java.command" value="/home/preethi/Selenium/Selenium-WebDriverTest/target/surefire/surefirebooter6255351263021774978.jar /home/preethi/Selenium/Selenium-WebDriverTest/target/surefire 2019-08-28T21-40-29_621-jvmRun1 surefire9937153215514036969tmp surefire_014498423633946130607tmp"/>
    <property name="jdk.debug" value="release"/>
    <property name="surefire.test.class.path" value="/home/preethi/Selenium/Selenium-WebDriverTest/target/test-classes:/home/preethi/Selenium/Selenium-WebDriverTest/target/classes:/home/preethi/.m2/repository/junit/junit/3.8.1/junit-3.8.1.jar:/home/preethi/.m2/repository/org/seleniumhq/selenium/selenium-java/2.43.0/selenium-java-2.43.0.jar:/home/preethi/.m2/repository/org/seleniumhq/selenium/selenium-chrome-driver/2.43.0/selenium-chrome-driver-2.43.0.jar:/home/preethi/.m2/repository/org/seleniumhq/selenium/selenium-remote-driver/2.43.0/selenium-remote-driver-2.43.0.jar:/home/preethi/.m2/repository/cglib/cglib-nodep/2.1_3/cglib-nodep-2.1_3.jar:/home/preethi/.m2/repository/org/json/json/20080701/json-20080701.jar:/home/preethi/.m2/repository/org/seleniumhq/selenium/selenium-api/2.43.0/selenium-api-2.43.0.jar:/home/preethi/.m2/repository/com/google/guava/guava/15.0/guava-15.0.jar:/home/preethi/.m2/repository/org/seleniumhq/selenium/selenium-htmlunit-driver/2.43.0/selenium-htmlunit-driver-2.43.0.jar:/home/preethi/.m2/repository/net/sourceforge/htmlunit/htmlunit/2.15/htmlunit-2.15.jar:/home/preethi/.m2/repository/xalan/xalan/2.7.1/xalan-2.7.1.jar:/home/preethi/.m2/repository/xalan/serializer/2.7.1/serializer-2.7.1.jar:/home/preethi/.m2/repository/commons-collections/commons-collections/3.2.1/commons-collections-3.2.1.jar:/home/preethi/.m2/repository/org/apache/commons/commons-lang3/3.3.2/commons-lang3-3.3.2.jar:/home/preethi/.m2/repository/org/apache/httpcomponents/httpmime/4.3.3/httpmime-4.3.3.jar:/home/preethi/.m2/repository/commons-codec/commons-codec/1.9/commons-codec-1.9.jar:/home/preethi/.m2/repository/net/sourceforge/htmlunit/htmlunit-core-js/2.15/htmlunit-core-js-2.15.jar:/home/preethi/.m2/repository/xerces/xercesImpl/2.11.0/xercesImpl-2.11.0.jar:/home/preethi/.m2/repository/xml-apis/xml-apis/1.4.01/xml-apis-1.4.01.jar:/home/preethi/.m2/repository/net/sourceforge/nekohtml/nekohtml/1.9.21/nekohtml-1.9.21.jar:/home/preethi/.m2/repository/net/sourceforge/cssparser/cssparser/0.9.14/cssparser-0.9.14.jar:/home/preethi/.m2/repository/org/w3c/css/sac/1.3/sac-1.3.jar:/home/preethi/.m2/repository/commons-logging/commons-logging/1.1.3/commons-logging-1.1.3.jar:/home/preethi/.m2/repository/org/eclipse/jetty/jetty-websocket/8.1.15.v20140411/jetty-websocket-8.1.15.v20140411.jar:/home/preethi/.m2/repository/org/eclipse/jetty/jetty-util/8.1.15.v20140411/jetty-util-8.1.15.v20140411.jar:/home/preethi/.m2/repository/org/eclipse/jetty/jetty-io/8.1.15.v20140411/jetty-io-8.1.15.v20140411.jar:/home/preethi/.m2/repository/org/eclipse/jetty/jetty-http/8.1.15.v20140411/jetty-http-8.1.15.v20140411.jar:/home/preethi/.m2/repository/org/apache/httpcomponents/httpclient/4.3.4/httpclient-4.3.4.jar:/home/preethi/.m2/repository/org/apache/httpcomponents/httpcore/4.3.2/httpcore-4.3.2.jar:/home/preethi/.m2/repository/org/seleniumhq/selenium/selenium-firefox-driver/2.43.0/selenium-firefox-driver-2.43.0.jar:/home/preethi/.m2/repository/commons-io/commons-io/2.4/commons-io-2.4.jar:/home/preethi/.m2/repository/org/apache/commons/commons-exec/1.1/commons-exec-1.1.jar:/home/preethi/.m2/repository/org/seleniumhq/selenium/selenium-ie-driver/2.43.0/selenium-ie-driver-2.43.0.jar:/home/preethi/.m2/repository/net/java/dev/jna/jna/3.4.0/jna-3.4.0.jar:/home/preethi/.m2/repository/net/java/dev/jna/platform/3.4.0/platform-3.4.0.jar:/home/preethi/.m2/repository/org/seleniumhq/selenium/selenium-safari-driver/2.43.0/selenium-safari-driver-2.43.0.jar:/home/preethi/.m2/repository/org/seleniumhq/selenium/selenium-support/2.43.0/selenium-support-2.43.0.jar:/home/preethi/.m2/repository/org/webbitserver/webbit/0.4.15/webbit-0.4.15.jar:/home/preethi/.m2/repository/io/netty/netty/3.5.5.Final/netty-3.5.5.Final.jar:/home/preethi/.m2/repository/org/testng/testng/6.8/testng-6.8.jar:/home/preethi/.m2/repository/org/beanshell/bsh/2.0b4/bsh-2.0b4.jar:/home/preethi/.m2/repository/com/beust/jcommander/1.27/jcommander-1.27.jar:/home/preethi/.m2/repository/org/yaml/snakeyaml/1.6/snakeyaml-1.6.jar:"/>
    <property name="sun.cpu.endian" value="little"/>
    <property name="user.home" value="/home/preethi"/>
    <property name="user.language" value="en"/>
    <property name="java.specification.vendor" value="Oracle Corporation"/>
    <property name="java.version.date" value="2019-04-16"/>
    <property name="java.home" value="/home/preethi/Downloads/jdk-12.0.1"/>
    <property name="file.separator" value="/"/>
    <property name="basedir" value="/home/preethi/Selenium/Selenium-WebDriverTest"/>
    <property name="java.vm.compressedOopsMode" value="32-bit"/>
    <property name="line.separator" value="&#10;"/>
    <property name="java.specification.name" value="Java Platform API Specification"/>
    <property name="java.vm.specification.vendor" value="Oracle Corporation"/>
    <property name="java.awt.graphicsenv" value="sun.awt.X11GraphicsEnvironment"/>
    <property name="surefire.real.class.path" value="/home/preethi/Selenium/Selenium-WebDriverTest/target/surefire/surefirebooter6255351263021774978.jar"/>
    <property name="sun.management.compiler" value="HotSpot 64-Bit Tiered Compilers"/>
    <property name="java.runtime.version" value="12.0.1+12"/>
    <property name="user.name" value="preethi"/>
    <property name="path.separator" value=":"/>
    <property name="os.version" value="4.18.0-25-generic"/>
    <property name="java.runtime.name" value="Java(TM) SE Runtime Environment"/>
    <property name="file.encoding" value="UTF-8"/>
    <property name="java.vm.name" value="Java HotSpot(TM) 64-Bit Server VM"/>
    <property name="localRepository" value="/home/preethi/.m2/repository"/>
    <property name="java.vendor.url.bug" value="https://bugreport.java.com/bugreport/"/>
    <property name="java.io.tmpdir" value="/tmp"/>
    <property name="java.version" value="12.0.1"/>
    <property name="user.dir" value="/home/preethi/Selenium/Selenium-WebDriverTest"/>
    <property name="os.arch" value="amd64"/>
    <property name="java.vm.specification.name" value="Java Virtual Machine Specification"/>
    <property name="java.library.path" value="/usr/java/packages/lib:/usr/lib64:/lib64:/lib:/usr/lib"/>
    <property name="java.vm.info" value="mixed mode, sharing"/>
    <property name="java.vendor" value="Oracle Corporation"/>
    <property name="java.vm.version" value="12.0.1+12"/>
    <property name="sun.io.unicode.encoding" value="UnicodeLittle"/>
    <property name="java.class.version" value="56.0"/>
  </properties>
  <testcase name="open" classname="example.NewTest" time="9.543"/>
</testsuite>