<?xml version="1.0" encoding="UTF-8"?>
<!-- Generated by org.testng.reporters.JUnitReportReporter -->
<testsuite hostname="Preethi" name="example.NewTest" tests="1" failures="0" timestamp="28 Aug 2019 14:30:39 GMT" time="186.970" errors="0">
  <testcase name="open" time="186.970" classname="example.NewTest"/>
</testsuite> <!-- example.NewTest -->
