<?xml version="1.0" encoding="UTF-8"?>
<!-- Generated by org.testng.reporters.JUnitReportReporter -->
<testsuite hostname="preethi-VirtualBox" failures="0" tests="1" name="example.NewTest" time="9.542" errors="0" timestamp="28 Aug 2019 16:10:49 GMT">
  <testcase classname="example.NewTest" name="open" time="9.542"/>
</testsuite> <!-- example.NewTest -->
