<?xml version="1.0" encoding="UTF-8"?>
<!-- Generated by org.testng.reporters.JUnitReportReporter -->
<testsuite hostname="Preethi" name="example.NewTest" tests="1" failures="0" timestamp="28 Aug 2019 07:35:48 GMT" time="11.944" errors="0">
  <testcase name="open" time="11.944" classname="example.NewTest"/>
</testsuite> <!-- example.NewTest -->
